<?xml version="1.0" encoding="UTF-8"?>
<testsuite xmlns:xsi="http://www.w3.org/2001/XMLSchema-instance" xsi:noNamespaceSchemaLocation="https://maven.apache.org/surefire/maven-surefire-plugin/xsd/surefire-test-report-3.0.xsd" version="3.0" name="com.jiecode.junitdemo.DemoUntilsTest" time="2.218" tests="9" errors="0" skipped="0" failures="0">
  <properties>
[...]
</properties>
  <testcase name="testArrayEquals" classname="com.jiecode.junitdemo.DemoUntilsTest" time="0.079"/>
  <testcase name="testEqualsAndNotEquals" classname="com.jiecode.junitdemo.DemoUntilsTest" time="0.015"/>
  <testcase name="testIterableEquals" classname="com.jiecode.junitdemo.DemoUntilsTest" time="0.005"/>
  <testcase name="testLineMathch" classname="com.jiecode.junitdemo.DemoUntilsTest" time="0.008"/>
  <testcase name="testNullAndNotEquals" classname="com.jiecode.junitdemo.DemoUntilsTest" time="0.004"/>
  <testcase name="testSameAndNotSame" classname="com.jiecode.junitdemo.DemoUntilsTest" time="0.003"/>
  <testcase name="testThrowsAndDoesNotThrow" classname="com.jiecode.junitdemo.DemoUntilsTest" time="0.006"/>
  <testcase name="testTimeout" classname="com.jiecode.junitdemo.DemoUntilsTest" time="2.011">
    <system-out><![CDATA[I am going to sleep
Sleeping over
]]></system-out>
  </testcase>
  <testcase name="testTureAndFalse" classname="com.jiecode.junitdemo.DemoUntilsTest" time="0.008"/>
</testsuite>